<?xml version="1.0" encoding="UTF-8"?>
<!-- Generated by org.testng.reporters.JUnitReportReporter -->
<testsuite skipped="0" hostname="test-PC" name="pcg.MasterStrainListTest" tests="1" failures="0" timestamp="28 Jan 2019 09:32:24 GMT" time="0.047" errors="0">
  <testcase name="getMasterStrainList" time="0.047" classname="pcg.MasterStrainListTest"/>
</testsuite> <!-- pcg.MasterStrainListTest -->
