<?xml version="1.0" encoding="UTF-8"?>
<!-- Generated by org.testng.reporters.JUnitReportReporter -->
<testsuite skipped="0" hostname="test-PC" name="hannah.GetJointsCreationTaskListTest" tests="1" failures="0" timestamp="28 Jan 2019 09:32:24 GMT" time="0.046" errors="0">
  <testcase name="GetJointCreationtaskList" time="0.046" classname="hannah.GetJointsCreationTaskListTest"/>
</testsuite> <!-- hannah.GetJointsCreationTaskListTest -->
