<?xml version="1.0" encoding="UTF-8"?>
<!-- Generated by org.testng.reporters.JUnitReportReporter -->
<testsuite skipped="0" hostname="test-PC" name="hannah.GetTubLabelingListTest" tests="1" failures="0" timestamp="30 Jan 2019 06:00:51 GMT" time="1.423" errors="0">
  <testcase name="GetTubeLabelingtaskList" time="1.423" classname="hannah.GetTubLabelingListTest"/>
</testsuite> <!-- hannah.GetTubLabelingListTest -->
