<?xml version="1.0" encoding="UTF-8"?>
<!-- Generated by org.testng.reporters.JUnitReportReporter -->
<testsuite skipped="0" hostname="test-PC" name="pcg.ClientStrainListTest" tests="1" failures="0" timestamp="30 Jan 2019 06:00:51 GMT" time="1.441" errors="0">
  <testcase name="getClientStrainList" time="1.441" classname="pcg.ClientStrainListTest"/>
</testsuite> <!-- pcg.ClientStrainListTest -->
