<?xml version="1.0" encoding="UTF-8"?>
<!-- Generated by org.testng.reporters.JUnitReportReporter -->
<testsuite skipped="0" hostname="test-PC" name="pcg.StrainMasterList" tests="1" failures="0" timestamp="11 Feb 2019 07:24:02 GMT" time="2.219" errors="0">
  <testcase name="ListStrainMaster" time="2.219" classname="pcg.StrainMasterList"/>
</testsuite> <!-- pcg.StrainMasterList -->
