<?xml version="1.0" encoding="UTF-8"?>
<!-- Generated by org.testng.reporters.JUnitReportReporter -->
<testsuite skipped="0" hostname="test-PC" name="pcg.SampleTest" tests="1" failures="0" timestamp="25 Jan 2019 08:39:11 GMT" time="0.004" errors="0">
  <testcase name="simpleTests" time="0.004" classname="pcg.SampleTest"/>
</testsuite> <!-- pcg.SampleTest -->
