<?xml version="1.0" encoding="UTF-8"?>
<!-- Generated by org.testng.reporters.JUnitReportReporter -->
<testsuite skipped="0" hostname="test-PC" name="hannah.GetBudPackagingTaskListTest" tests="1" failures="0" timestamp="30 Jan 2019 06:00:51 GMT" time="5.218" errors="0">
  <testcase name="GetBudPackagingtaskList" time="5.218" classname="hannah.GetBudPackagingTaskListTest"/>
</testsuite> <!-- hannah.GetBudPackagingTaskListTest -->
