<?xml version="1.0" encoding="UTF-8"?>
<!-- Generated by org.testng.reporters.JUnitReportReporter -->
<testsuite skipped="0" hostname="test-PC" name="resourcefile.ExtentTestNGReportBuilder" tests="1" failures="0" timestamp="25 Jan 2019 05:12:14 GMT" time="0.499" errors="0">
  <testcase name="reportExtent" time="0.499" classname="resourcefile.ExtentTestNGReportBuilder"/>
</testsuite> <!-- resourcefile.ExtentTestNGReportBuilder -->
