<?xml version="1.0" encoding="UTF-8"?>
<!-- Generated by org.testng.reporters.JUnitReportReporter -->
<testsuite skipped="0" hostname="test-PC" name="hannah.GetQAFailRelabelTaskListTest" tests="1" failures="0" timestamp="30 Jan 2019 06:00:51 GMT" time="4.664" errors="0">
  <testcase name="GetQAFailRelabletaskList" time="4.664" classname="hannah.GetQAFailRelabelTaskListTest"/>
</testsuite> <!-- hannah.GetQAFailRelabelTaskListTest -->
