<?xml version="1.0" encoding="UTF-8"?>
<!-- Generated by org.testng.reporters.JUnitReportReporter -->
<testsuite skipped="0" hostname="test-PC" name="resourcefile.Extentreport" tests="1" failures="0" timestamp="25 Jan 2019 08:38:24 GMT" time="0.534" errors="0">
  <testcase name="SetExtentReport" time="0.534" classname="resourcefile.Extentreport"/>
</testsuite> <!-- resourcefile.Extentreport -->
