<?xml version="1.0" encoding="UTF-8"?>
<!-- Generated by org.testng.reporters.JUnitReportReporter -->
<testsuite skipped="0" hostname="test-PC" name="pcg.MasterStrainList" tests="1" failures="0" timestamp="22 Jan 2019 11:12:18 GMT" time="1.616" errors="0">
  <testcase name="getMasterStrainList" time="1.616" classname="pcg.MasterStrainList"/>
</testsuite> <!-- pcg.MasterStrainList -->
