<?xml version="1.0" encoding="UTF-8"?>
<!-- Generated by org.testng.reporters.JUnitReportReporter -->
<testsuite skipped="0" hostname="test-PC" name="hannah.GetSiftingTaskList" tests="1" failures="0" timestamp="24 Jan 2019 11:27:47 GMT" time="0.018" errors="0">
  <testcase name="GetSiftingtaskList" time="0.018" classname="hannah.GetSiftingTaskList"/>
</testsuite> <!-- hannah.GetSiftingTaskList -->
