<?xml version="1.0" encoding="UTF-8"?>
<!-- Generated by org.testng.reporters.JUnitReportReporter -->
<testsuite skipped="0" hostname="test-PC" name="hannah.GetTaskTypeTest" tests="1" failures="0" timestamp="30 Jan 2019 06:00:51 GMT" time="1.484" errors="0">
  <testcase name="GetTaskTypeList" time="1.484" classname="hannah.GetTaskTypeTest"/>
</testsuite> <!-- hannah.GetTaskTypeTest -->
