<?xml version="1.0" encoding="UTF-8"?>
<!-- Generated by org.testng.reporters.JUnitReportReporter -->
<testsuite skipped="0" hostname="test-PC" name="pcg.MasterStrainListTest" tests="1" failures="0" timestamp="11 Feb 2019 06:31:18 GMT" time="2.105" errors="0">
  <testcase name="getMasterStrainList" time="2.105" classname="pcg.MasterStrainListTest"/>
</testsuite> <!-- pcg.MasterStrainListTest -->
