<?xml version="1.0" encoding="UTF-8"?>
<!-- Generated by org.testng.reporters.JUnitReportReporter -->
<testsuite skipped="0" hostname="test-PC" name="hannah.GetTampingTaskListTest" tests="1" failures="0" timestamp="30 Jan 2019 06:00:51 GMT" time="1.500" errors="0">
  <testcase name="GetTampingtaskList" time="1.500" classname="hannah.GetTampingTaskListTest"/>
</testsuite> <!-- hannah.GetTampingTaskListTest -->
