<?xml version="1.0" encoding="UTF-8"?>
<!-- Generated by org.testng.reporters.JUnitReportReporter -->
<testsuite skipped="0" hostname="test-PC" name="hannah.OrderStatusTest" tests="1" failures="0" timestamp="23 Jan 2019 06:28:52 GMT" time="2.107" errors="0">
  <testcase name="getOrderStatusList" time="2.107" classname="hannah.OrderStatusTest"/>
</testsuite> <!-- hannah.OrderStatusTest -->
